d:\programming-stuff\programming-projects\visual-studio-projects\information-theory-stuff\information-theory-stuff\x64\debug\vc143.pdb
d:\programming-stuff\programming-projects\visual-studio-projects\information-theory-stuff\information-theory-stuff\x64\debug\vc143.idb
d:\programming-stuff\programming-projects\visual-studio-projects\information-theory-stuff\information-theory-stuff\x64\debug\pch.obj
d:\programming-stuff\programming-projects\visual-studio-projects\information-theory-stuff\information-theory-stuff\x64\debug\main.obj
d:\programming-stuff\programming-projects\visual-studio-projects\information-theory-stuff\information-theory-stuff\x64\debug\huffman.obj
d:\programming-stuff\programming-projects\visual-studio-projects\information-theory-stuff\information-theory-stuff\x64\debug\debug.obj
d:\programming-stuff\programming-projects\visual-studio-projects\information-theory-stuff\information-theory-stuff\x64\debug\bws.obj
d:\programming-stuff\programming-projects\visual-studio-projects\information-theory-stuff\information-theory-stuff\x64\debug\rsa.obj
d:\programming-stuff\programming-projects\visual-studio-projects\information-theory-stuff\information-theory-stuff\x64\debug\big_int.obj
d:\programming-stuff\programming-projects\visual-studio-projects\information-theory-stuff\information-theory-stuff\x64\debug\bit_stream.obj
d:\programming-stuff\programming-projects\visual-studio-projects\information-theory-stuff\x64\debug\information-theory-stuff.exe
d:\programming-stuff\programming-projects\visual-studio-projects\information-theory-stuff\information-theory-stuff\x64\debug\information-theory-stuff.ilk
d:\programming-stuff\programming-projects\visual-studio-projects\information-theory-stuff\x64\debug\information-theory-stuff.pdb
d:\programming-stuff\programming-projects\visual-studio-projects\information-theory-stuff\information-theory-stuff\x64\debug\byte_stream.obj
d:\programming-stuff\programming-projects\visual-studio-projects\information-theory-stuff\information-theory-stuff\x64\debug\huffman.obj.enc
d:\programming-stuff\programming-projects\visual-studio-projects\information-theory-stuff\information-theory-stuff\x64\debug\main.obj.enc
d:\programming-stuff\programming-projects\visual-studio-projects\information-theory-stuff\information-theory-stuff\x64\debug\informat.bfe5c58d.tlog\cl.command.1.tlog
d:\programming-stuff\programming-projects\visual-studio-projects\information-theory-stuff\information-theory-stuff\x64\debug\informat.bfe5c58d.tlog\cl.items.tlog
d:\programming-stuff\programming-projects\visual-studio-projects\information-theory-stuff\information-theory-stuff\x64\debug\informat.bfe5c58d.tlog\cl.read.1.tlog
d:\programming-stuff\programming-projects\visual-studio-projects\information-theory-stuff\information-theory-stuff\x64\debug\informat.bfe5c58d.tlog\cl.write.1.tlog
d:\programming-stuff\programming-projects\visual-studio-projects\information-theory-stuff\information-theory-stuff\x64\debug\informat.bfe5c58d.tlog\link-cvtres.read.1.tlog
d:\programming-stuff\programming-projects\visual-studio-projects\information-theory-stuff\information-theory-stuff\x64\debug\informat.bfe5c58d.tlog\link-cvtres.write.1.tlog
d:\programming-stuff\programming-projects\visual-studio-projects\information-theory-stuff\information-theory-stuff\x64\debug\informat.bfe5c58d.tlog\link-rc.read.1.tlog
d:\programming-stuff\programming-projects\visual-studio-projects\information-theory-stuff\information-theory-stuff\x64\debug\informat.bfe5c58d.tlog\link-rc.write.1.tlog
d:\programming-stuff\programming-projects\visual-studio-projects\information-theory-stuff\information-theory-stuff\x64\debug\informat.bfe5c58d.tlog\link.16324-cvtres.read.1.tlog
d:\programming-stuff\programming-projects\visual-studio-projects\information-theory-stuff\information-theory-stuff\x64\debug\informat.bfe5c58d.tlog\link.16324-cvtres.write.1.tlog
d:\programming-stuff\programming-projects\visual-studio-projects\information-theory-stuff\information-theory-stuff\x64\debug\informat.bfe5c58d.tlog\link.16324-rc.read.1.tlog
d:\programming-stuff\programming-projects\visual-studio-projects\information-theory-stuff\information-theory-stuff\x64\debug\informat.bfe5c58d.tlog\link.16324-rc.write.1.tlog
d:\programming-stuff\programming-projects\visual-studio-projects\information-theory-stuff\information-theory-stuff\x64\debug\informat.bfe5c58d.tlog\link.16324.read.1.tlog
d:\programming-stuff\programming-projects\visual-studio-projects\information-theory-stuff\information-theory-stuff\x64\debug\informat.bfe5c58d.tlog\link.16324.read.2.tlog
d:\programming-stuff\programming-projects\visual-studio-projects\information-theory-stuff\information-theory-stuff\x64\debug\informat.bfe5c58d.tlog\link.16324.read.3.tlog
d:\programming-stuff\programming-projects\visual-studio-projects\information-theory-stuff\information-theory-stuff\x64\debug\informat.bfe5c58d.tlog\link.16324.read.4.tlog
d:\programming-stuff\programming-projects\visual-studio-projects\information-theory-stuff\information-theory-stuff\x64\debug\informat.bfe5c58d.tlog\link.16324.write.1.tlog
d:\programming-stuff\programming-projects\visual-studio-projects\information-theory-stuff\information-theory-stuff\x64\debug\informat.bfe5c58d.tlog\link.command.1.tlog
d:\programming-stuff\programming-projects\visual-studio-projects\information-theory-stuff\information-theory-stuff\x64\debug\informat.bfe5c58d.tlog\link.read.1.tlog
d:\programming-stuff\programming-projects\visual-studio-projects\information-theory-stuff\information-theory-stuff\x64\debug\informat.bfe5c58d.tlog\link.read.2.tlog
d:\programming-stuff\programming-projects\visual-studio-projects\information-theory-stuff\information-theory-stuff\x64\debug\informat.bfe5c58d.tlog\link.read.3.tlog
d:\programming-stuff\programming-projects\visual-studio-projects\information-theory-stuff\information-theory-stuff\x64\debug\informat.bfe5c58d.tlog\link.read.4.tlog
d:\programming-stuff\programming-projects\visual-studio-projects\information-theory-stuff\information-theory-stuff\x64\debug\informat.bfe5c58d.tlog\link.read.5.tlog
d:\programming-stuff\programming-projects\visual-studio-projects\information-theory-stuff\information-theory-stuff\x64\debug\informat.bfe5c58d.tlog\link.write.1.tlog
